C:\USERS\JOY\DESKTOP\MY_LANE_DETECTION\DEBUG\MY_LANE_DETECTION.EXE
C:\USERS\JOY\DESKTOP\MY_LANE_DETECTION\DEBUG\MY_LANE_DETECTION.ILK
C:\USERS\JOY\DESKTOP\MY_LANE_DETECTION\DEBUG\MY_LANE_DETECTION.PDB
C:\Users\Joy\Desktop\My_Lane_Detection\My_Lane_Detection\Debug\cl.command.1.tlog
C:\Users\Joy\Desktop\My_Lane_Detection\My_Lane_Detection\Debug\CL.read.1.tlog
C:\Users\Joy\Desktop\My_Lane_Detection\My_Lane_Detection\Debug\CL.write.1.tlog
C:\Users\Joy\Desktop\My_Lane_Detection\My_Lane_Detection\Debug\link.3644.read.1.tlog
C:\Users\Joy\Desktop\My_Lane_Detection\My_Lane_Detection\Debug\link.3644.write.1.tlog
C:\Users\Joy\Desktop\My_Lane_Detection\My_Lane_Detection\Debug\link.3644-cvtres.read.1.tlog
C:\Users\Joy\Desktop\My_Lane_Detection\My_Lane_Detection\Debug\link.3644-cvtres.write.1.tlog
C:\Users\Joy\Desktop\My_Lane_Detection\My_Lane_Detection\Debug\link.command.1.tlog
C:\Users\Joy\Desktop\My_Lane_Detection\My_Lane_Detection\Debug\link.read.1.tlog
C:\Users\Joy\Desktop\My_Lane_Detection\My_Lane_Detection\Debug\link.write.1.tlog
C:\Users\Joy\Desktop\My_Lane_Detection\My_Lane_Detection\Debug\link-cvtres.read.1.tlog
C:\Users\Joy\Desktop\My_Lane_Detection\My_Lane_Detection\Debug\link-cvtres.write.1.tlog
C:\Users\Joy\Desktop\My_Lane_Detection\My_Lane_Detection\Debug\mt.command.1.tlog
C:\Users\Joy\Desktop\My_Lane_Detection\My_Lane_Detection\Debug\mt.read.1.tlog
C:\Users\Joy\Desktop\My_Lane_Detection\My_Lane_Detection\Debug\mt.write.1.tlog
C:\USERS\JOY\DESKTOP\MY_LANE_DETECTION\MY_LANE_DETECTION\DEBUG\MY_LANE_DETECTION.EXE.EMBED.MANIFEST
C:\USERS\JOY\DESKTOP\MY_LANE_DETECTION\MY_LANE_DETECTION\DEBUG\MY_LANE_DETECTION.EXE.EMBED.MANIFEST.RES
C:\USERS\JOY\DESKTOP\MY_LANE_DETECTION\MY_LANE_DETECTION\DEBUG\MY_LANE_DETECTION.EXE.INTERMEDIATE.MANIFEST
C:\USERS\JOY\DESKTOP\MY_LANE_DETECTION\MY_LANE_DETECTION\DEBUG\MY_LANE_DETECTION.OBJ
C:\USERS\JOY\DESKTOP\MY_LANE_DETECTION\MY_LANE_DETECTION\DEBUG\MY_LANE_DETECTION.PCH
C:\Users\Joy\Desktop\My_Lane_Detection\My_Lane_Detection\Debug\My_Lane_Detection.vcxprojResolveAssemblyReference.cache
C:\Users\Joy\Desktop\My_Lane_Detection\My_Lane_Detection\Debug\My_Lane_Detection.write.1.tlog
C:\Users\Joy\Desktop\My_Lane_Detection\My_Lane_Detection\Debug\My_Lane_Detection_manifest.rc
C:\Users\Joy\Desktop\My_Lane_Detection\My_Lane_Detection\Debug\rc.command.1.tlog
C:\Users\Joy\Desktop\My_Lane_Detection\My_Lane_Detection\Debug\rc.read.1.tlog
C:\Users\Joy\Desktop\My_Lane_Detection\My_Lane_Detection\Debug\rc.write.1.tlog
C:\USERS\JOY\DESKTOP\MY_LANE_DETECTION\MY_LANE_DETECTION\DEBUG\STDAFX.OBJ
C:\Users\Joy\Desktop\My_Lane_Detection\My_Lane_Detection\Debug\vc100.idb
C:\USERS\JOY\DESKTOP\MY_LANE_DETECTION\MY_LANE_DETECTION\DEBUG\VC100.PDB
