已經開始建置於 2013/12/8 下午 09:54:25。
     1>節點 2 (rebuild 目標) 上的專案 "C:\Users\Joy\Desktop\My_Lane_Detection\My_Lane_Detection\My_Lane_Detection.vcxproj"。
     1>_PrepareForClean:
         正在刪除檔案 "x64\Debug\My_Lane_Detection.lastbuildstate"。
       InitializeBuildStatus:
         由於指定了 "AlwaysCreate"，因此正在建立 "x64\Debug\My_Lane_Detection.unsuccessfulbuild"。
       ClCompile:
         c:\Program Files (x86)\Microsoft Visual Studio 10.0\VC\bin\x86_amd64\CL.exe /c /Zi /nologo /W3 /WX- /Od /D WIN32 /D _DEBUG /D _CONSOLE /D _UNICODE /D UNICODE /Gm /EHsc /RTC1 /MDd /GS /fp:precise /Zc:wchar_t /Zc:forScope /Yc"StdAfx.h" /Fp"x64\Debug\My_Lane_Detection.pch" /Fo"x64\Debug\\" /Fd"x64\Debug\vc100.pdb" /Gd /TP /errorReport:prompt stdafx.cpp
         stdafx.cpp
         c:\Program Files (x86)\Microsoft Visual Studio 10.0\VC\bin\x86_amd64\CL.exe /c /Zi /nologo /W3 /WX- /Od /D WIN32 /D _DEBUG /D _CONSOLE /D _UNICODE /D UNICODE /Gm /EHsc /RTC1 /MDd /GS /fp:precise /Zc:wchar_t /Zc:forScope /Yu"StdAfx.h" /Fp"x64\Debug\My_Lane_Detection.pch" /Fo"x64\Debug\\" /Fd"x64\Debug\vc100.pdb" /Gd /TP /errorReport:prompt My_Lane_Detection.cpp
         My_Lane_Detection.cpp
     1>My_Lane_Detection.cpp(3): warning C4627: '#include <math.h>': 尋找先行編譯標頭使用時略過
                 新增指示詞到 'StdAfx.h' 或重建先行編譯標頭
     1>e:\opencv\build\include\opencv2\flann\dist.h : warning C4819: 檔案含有無法在目前字碼頁 (950) 中表示的字元。請以 Unicode 格式儲存檔案以防止資料遺失
     1>e:\opencv\build\include\opencv2\flann\dist.h : warning C4819: 檔案含有無法在目前字碼頁 (950) 中表示的字元。請以 Unicode 格式儲存檔案以防止資料遺失
     1>e:\opencv\build\include\opencv2\flann\logger.h(66): warning C4996: 'fopen': This function or variable may be unsafe. Consider using fopen_s instead. To disable deprecation, use _CRT_SECURE_NO_WARNINGS. See online help for details.
                 c:\Program Files (x86)\Microsoft Visual Studio 10.0\VC\include\stdio.h(234) : 請參閱 'fopen' 的宣告
     1>e:\opencv\build\include\opencv2\flann\dist.h : warning C4819: 檔案含有無法在目前字碼頁 (950) 中表示的字元。請以 Unicode 格式儲存檔案以防止資料遺失
     1>e:\opencv\build\include\opencv2\flann\dist.h : warning C4819: 檔案含有無法在目前字碼頁 (950) 中表示的字元。請以 Unicode 格式儲存檔案以防止資料遺失
     1>E:\opencv\build\include\opencv2/legacy/compat.hpp : warning C4819: 檔案含有無法在目前字碼頁 (950) 中表示的字元。請以 Unicode 格式儲存檔案以防止資料遺失
     1>My_Lane_Detection.cpp(177): warning C4244: '=' : 將 'double' 轉換為 'uchar'，由於型別不同，可能導致資料遺失
       ManifestResourceCompile:
         C:\Program Files (x86)\Microsoft SDKs\Windows\v7.0A\bin\rc.exe /nologo /fo"x64\Debug\My_Lane_Detection.exe.embed.manifest.res" x64\Debug\My_Lane_Detection_manifest.rc 
       Link:
         c:\Program Files (x86)\Microsoft Visual Studio 10.0\VC\bin\x86_amd64\link.exe /ERRORREPORT:PROMPT /OUT:"C:\Users\Joy\Desktop\My_Lane_Detection\x64\Debug\My_Lane_Detection.exe" /INCREMENTAL /NOLOGO opencv_calib3d242d.lib opencv_contrib242d.lib opencv_core242d.lib opencv_features2d242d.lib opencv_flann242d.lib opencv_gpu242d.lib opencv_haartraining_engined.lib opencv_highgui242d.lib opencv_imgproc242d.lib opencv_legacy242d.lib opencv_ml242d.lib opencv_nonfree242d.lib opencv_objdetect242d.lib opencv_photo242d.lib opencv_stitching242d.lib opencv_ts242d.lib opencv_video242d.lib opencv_videostab242d.lib kernel32.lib user32.lib gdi32.lib winspool.lib comdlg32.lib advapi32.lib shell32.lib ole32.lib oleaut32.lib uuid.lib odbc32.lib odbccp32.lib /MANIFEST /ManifestFile:"x64\Debug\My_Lane_Detection.exe.intermediate.manifest" /MANIFESTUAC:"level='asInvoker' uiAccess='false'" /DEBUG /PDB:"C:\Users\Joy\Desktop\My_Lane_Detection\x64\Debug\My_Lane_Detection.pdb" /SUBSYSTEM:CONSOLE /TLBID:1 /DYNAMICBASE /NXCOMPAT /IMPLIB:"C:\Users\Joy\Desktop\My_Lane_Detection\x64\Debug\My_Lane_Detection.lib" /MACHINE:X64 x64\Debug\My_Lane_Detection.exe.embed.manifest.res
         x64\Debug\My_Lane_Detection.obj
         x64\Debug\stdafx.obj
         My_Lane_Detection.vcxproj -> C:\Users\Joy\Desktop\My_Lane_Detection\x64\Debug\My_Lane_Detection.exe
       Manifest:
         正在刪除檔案 "x64\Debug\My_Lane_Detection.exe.embed.manifest"。
         C:\Program Files (x86)\Microsoft SDKs\Windows\v7.0A\bin\mt.exe /nologo /verbose /out:"x64\Debug\My_Lane_Detection.exe.embed.manifest" /manifest x64\Debug\My_Lane_Detection.exe.intermediate.manifest
         C:\Program Files (x86)\Microsoft SDKs\Windows\v7.0A\bin\rc.exe /nologo /fo"x64\Debug\My_Lane_Detection.exe.embed.manifest.res" x64\Debug\My_Lane_Detection_manifest.rc 
       LinkEmbedManifest:
         c:\Program Files (x86)\Microsoft Visual Studio 10.0\VC\bin\x86_amd64\link.exe /ERRORREPORT:PROMPT /OUT:"C:\Users\Joy\Desktop\My_Lane_Detection\x64\Debug\My_Lane_Detection.exe" /INCREMENTAL /NOLOGO opencv_calib3d242d.lib opencv_contrib242d.lib opencv_core242d.lib opencv_features2d242d.lib opencv_flann242d.lib opencv_gpu242d.lib opencv_haartraining_engined.lib opencv_highgui242d.lib opencv_imgproc242d.lib opencv_legacy242d.lib opencv_ml242d.lib opencv_nonfree242d.lib opencv_objdetect242d.lib opencv_photo242d.lib opencv_stitching242d.lib opencv_ts242d.lib opencv_video242d.lib opencv_videostab242d.lib kernel32.lib user32.lib gdi32.lib winspool.lib comdlg32.lib advapi32.lib shell32.lib ole32.lib oleaut32.lib uuid.lib odbc32.lib odbccp32.lib /MANIFEST /ManifestFile:"x64\Debug\My_Lane_Detection.exe.intermediate.manifest" /MANIFESTUAC:"level='asInvoker' uiAccess='false'" /DEBUG /PDB:"C:\Users\Joy\Desktop\My_Lane_Detection\x64\Debug\My_Lane_Detection.pdb" /SUBSYSTEM:CONSOLE /TLBID:1 /DYNAMICBASE /NXCOMPAT /IMPLIB:"C:\Users\Joy\Desktop\My_Lane_Detection\x64\Debug\My_Lane_Detection.lib" /MACHINE:X64 x64\Debug\My_Lane_Detection.exe.embed.manifest.res
         x64\Debug\My_Lane_Detection.obj
         x64\Debug\stdafx.obj
         My_Lane_Detection.vcxproj -> C:\Users\Joy\Desktop\My_Lane_Detection\x64\Debug\My_Lane_Detection.exe
       FinalizeBuildStatus:
         正在刪除檔案 "x64\Debug\My_Lane_Detection.unsuccessfulbuild"。
         正在變更時間戳記 "x64\Debug\My_Lane_Detection.lastbuildstate"。
     1>專案 "C:\Users\Joy\Desktop\My_Lane_Detection\My_Lane_Detection\My_Lane_Detection.vcxproj" (rebuild 目標) 建置完成。

建置成功。

經過時間 00:00:02.82
