C:\Users\Joy\Desktop\My_Lane_Detection\My_Lane_Detection\x64\Debug\cl.command.1.tlog
C:\Users\Joy\Desktop\My_Lane_Detection\My_Lane_Detection\x64\Debug\CL.read.1.tlog
C:\Users\Joy\Desktop\My_Lane_Detection\My_Lane_Detection\x64\Debug\CL.write.1.tlog
C:\Users\Joy\Desktop\My_Lane_Detection\My_Lane_Detection\x64\Debug\link.3104.read.1.tlog
C:\Users\Joy\Desktop\My_Lane_Detection\My_Lane_Detection\x64\Debug\link.3104.write.1.tlog
C:\Users\Joy\Desktop\My_Lane_Detection\My_Lane_Detection\x64\Debug\link.3104-cvtres.read.1.tlog
C:\Users\Joy\Desktop\My_Lane_Detection\My_Lane_Detection\x64\Debug\link.3104-cvtres.write.1.tlog
C:\Users\Joy\Desktop\My_Lane_Detection\My_Lane_Detection\x64\Debug\link.command.1.tlog
C:\Users\Joy\Desktop\My_Lane_Detection\My_Lane_Detection\x64\Debug\link.read.1.tlog
C:\Users\Joy\Desktop\My_Lane_Detection\My_Lane_Detection\x64\Debug\link.write.1.tlog
C:\Users\Joy\Desktop\My_Lane_Detection\My_Lane_Detection\x64\Debug\link-cvtres.read.1.tlog
C:\Users\Joy\Desktop\My_Lane_Detection\My_Lane_Detection\x64\Debug\link-cvtres.write.1.tlog
C:\Users\Joy\Desktop\My_Lane_Detection\My_Lane_Detection\x64\Debug\mt.command.1.tlog
C:\Users\Joy\Desktop\My_Lane_Detection\My_Lane_Detection\x64\Debug\mt.read.1.tlog
C:\Users\Joy\Desktop\My_Lane_Detection\My_Lane_Detection\x64\Debug\mt.write.1.tlog
C:\USERS\JOY\DESKTOP\MY_LANE_DETECTION\MY_LANE_DETECTION\X64\DEBUG\MY_LANE_DETECTION.EXE.EMBED.MANIFEST
C:\USERS\JOY\DESKTOP\MY_LANE_DETECTION\MY_LANE_DETECTION\X64\DEBUG\MY_LANE_DETECTION.EXE.EMBED.MANIFEST.RES
C:\USERS\JOY\DESKTOP\MY_LANE_DETECTION\MY_LANE_DETECTION\X64\DEBUG\MY_LANE_DETECTION.EXE.INTERMEDIATE.MANIFEST
C:\USERS\JOY\DESKTOP\MY_LANE_DETECTION\MY_LANE_DETECTION\X64\DEBUG\MY_LANE_DETECTION.OBJ
C:\USERS\JOY\DESKTOP\MY_LANE_DETECTION\MY_LANE_DETECTION\X64\DEBUG\MY_LANE_DETECTION.PCH
C:\Users\Joy\Desktop\My_Lane_Detection\My_Lane_Detection\x64\Debug\My_Lane_Detection_manifest.rc
C:\Users\Joy\Desktop\My_Lane_Detection\My_Lane_Detection\x64\Debug\rc.command.1.tlog
C:\Users\Joy\Desktop\My_Lane_Detection\My_Lane_Detection\x64\Debug\rc.read.1.tlog
C:\Users\Joy\Desktop\My_Lane_Detection\My_Lane_Detection\x64\Debug\rc.write.1.tlog
C:\USERS\JOY\DESKTOP\MY_LANE_DETECTION\MY_LANE_DETECTION\X64\DEBUG\STDAFX.OBJ
C:\Users\Joy\Desktop\My_Lane_Detection\My_Lane_Detection\x64\Debug\vc100.idb
C:\USERS\JOY\DESKTOP\MY_LANE_DETECTION\MY_LANE_DETECTION\X64\DEBUG\VC100.PDB
C:\USERS\JOY\DESKTOP\MY_LANE_DETECTION\X64\DEBUG\MY_LANE_DETECTION.EXE
C:\USERS\JOY\DESKTOP\MY_LANE_DETECTION\X64\DEBUG\MY_LANE_DETECTION.ILK
C:\USERS\JOY\DESKTOP\MY_LANE_DETECTION\X64\DEBUG\MY_LANE_DETECTION.PDB
